<?xml version="1.0" encoding="UTF-8"?>
<coverage generated="1760110071610" clover="3.2.0">
  <project timestamp="1760110071610" name="All files">
    <metrics statements="9" coveredstatements="9" conditionals="8" coveredconditionals="7" methods="4" coveredmethods="4" elements="21" coveredelements="20" complexity="0" loc="9" ncloc="9" packages="1" files="2" classes="2"/>
    <file name="Banner.jsx" path="/home/cyrian-khaldi/Workflow/Kasa/frontend/src/components/Banner.jsx">
      <metrics statements="1" coveredstatements="1" conditionals="2" coveredconditionals="2" methods="1" coveredmethods="1"/>
      <line num="5" count="3" type="stmt"/>
    </file>
    <file name="Dropdown.jsx" path="/home/cyrian-khaldi/Workflow/Kasa/frontend/src/components/Dropdown.jsx">
      <metrics statements="8" coveredstatements="8" conditionals="6" coveredconditionals="5" methods="3" coveredmethods="3"/>
      <line num="5" count="9" type="stmt"/>
      <line num="6" count="9" type="stmt"/>
      <line num="7" count="9" type="stmt"/>
      <line num="9" count="9" type="stmt"/>
      <line num="10" count="6" type="cond" truecount="1" falsecount="1"/>
      <line num="11" count="6" type="cond" truecount="2" falsecount="0"/>
      <line num="15" count="9" type="stmt"/>
      <line num="19" count="3" type="stmt"/>
    </file>
  </project>
</coverage>
