<?xml version="1.0" encoding="UTF-8"?>
<coverage generated="1759754586417" clover="3.2.0">
  <project timestamp="1759754586418" name="All files">
    <metrics statements="4" coveredstatements="4" conditionals="6" coveredconditionals="6" methods="3" coveredmethods="3" elements="13" coveredelements="13" complexity="0" loc="4" ncloc="4" packages="1" files="2" classes="2"/>
    <file name="Banner.jsx" path="/home/cyrian-khaldi/Workflow/Kasa/frontend/src/components/Banner.jsx">
      <metrics statements="1" coveredstatements="1" conditionals="2" coveredconditionals="2" methods="1" coveredmethods="1"/>
      <line num="5" count="3" type="stmt"/>
    </file>
    <file name="Dropdown.jsx" path="/home/cyrian-khaldi/Workflow/Kasa/frontend/src/components/Dropdown.jsx">
      <metrics statements="3" coveredstatements="3" conditionals="4" coveredconditionals="4" methods="2" coveredmethods="2"/>
      <line num="5" count="5" type="stmt"/>
      <line num="7" count="5" type="stmt"/>
      <line num="11" count="2" type="stmt"/>
    </file>
  </project>
</coverage>
