{"/home/cyrian-khaldi/Workflow/Kasa/frontend/src/components/Banner.jsx": {"path":"/home/cyrian-khaldi/Workflow/Kasa/frontend/src/components/Banner.jsx","statementMap":{"0":{"start":{"line":5,"column":2},"end":{"line":10,"column":4}}},"fnMap":{"0":{"name":"Banner","decl":{"start":{"line":4,"column":24},"end":{"line":4,"column":30}},"loc":{"start":{"line":4,"column":48},"end":{"line":11,"column":1}},"line":4}},"branchMap":{"0":{"loc":{"start":{"line":8,"column":7},"end":{"line":8,"column":54}},"type":"binary-expr","locations":[{"start":{"line":8,"column":7},"end":{"line":8,"column":11}},{"start":{"line":8,"column":15},"end":{"line":8,"column":54}}],"line":8}},"s":{"0":3},"f":{"0":3},"b":{"0":[3,2]},"_coverageSchema":"1a1c01bbd47fc00a2c39e90264f33305004495a9","hash":"2bf0393fbccc4bcd985bf061a417fa6ec4c91a07"}
,"/home/cyrian-khaldi/Workflow/Kasa/frontend/src/components/Dropdown.jsx": {"path":"/home/cyrian-khaldi/Workflow/Kasa/frontend/src/components/Dropdown.jsx","statementMap":{"0":{"start":{"line":5,"column":30},"end":{"line":5,"column":45}},"1":{"start":{"line":7,"column":2},"end":{"line":21,"column":4}},"2":{"start":{"line":11,"column":23},"end":{"line":11,"column":41}}},"fnMap":{"0":{"name":"Dropdown","decl":{"start":{"line":4,"column":24},"end":{"line":4,"column":32}},"loc":{"start":{"line":4,"column":53},"end":{"line":22,"column":1}},"line":4},"1":{"name":"(anonymous_1)","decl":{"start":{"line":11,"column":17},"end":{"line":11,"column":18}},"loc":{"start":{"line":11,"column":23},"end":{"line":11,"column":41}},"line":11}},"branchMap":{"0":{"loc":{"start":{"line":16,"column":36},"end":{"line":16,"column":58}},"type":"cond-expr","locations":[{"start":{"line":16,"column":45},"end":{"line":16,"column":51}},{"start":{"line":16,"column":54},"end":{"line":16,"column":58}}],"line":16},"1":{"loc":{"start":{"line":19,"column":7},"end":{"line":19,"column":66}},"type":"binary-expr","locations":[{"start":{"line":19,"column":7},"end":{"line":19,"column":13}},{"start":{"line":19,"column":17},"end":{"line":19,"column":66}}],"line":19}},"s":{"0":5,"1":5,"2":2},"f":{"0":5,"1":2},"b":{"0":[1,4],"1":[5,1]},"_coverageSchema":"1a1c01bbd47fc00a2c39e90264f33305004495a9","hash":"7c84386292c68d364176d8aab01a1593fb6a12da"}
}
