{"/home/cyrian-khaldi/Workflow/Kasa/frontend/src/components/Banner.jsx": {"path":"/home/cyrian-khaldi/Workflow/Kasa/frontend/src/components/Banner.jsx","statementMap":{"0":{"start":{"line":5,"column":2},"end":{"line":10,"column":4}}},"fnMap":{"0":{"name":"Banner","decl":{"start":{"line":4,"column":24},"end":{"line":4,"column":30}},"loc":{"start":{"line":4,"column":48},"end":{"line":11,"column":1}},"line":4}},"branchMap":{"0":{"loc":{"start":{"line":8,"column":7},"end":{"line":8,"column":54}},"type":"binary-expr","locations":[{"start":{"line":8,"column":7},"end":{"line":8,"column":11}},{"start":{"line":8,"column":15},"end":{"line":8,"column":54}}],"line":8}},"s":{"0":3},"f":{"0":3},"b":{"0":[3,2]},"_coverageSchema":"1a1c01bbd47fc00a2c39e90264f33305004495a9","hash":"2bf0393fbccc4bcd985bf061a417fa6ec4c91a07"}
,"/home/cyrian-khaldi/Workflow/Kasa/frontend/src/components/Dropdown.jsx": {"path":"/home/cyrian-khaldi/Workflow/Kasa/frontend/src/components/Dropdown.jsx","statementMap":{"0":{"start":{"line":5,"column":30},"end":{"line":5,"column":45}},"1":{"start":{"line":6,"column":21},"end":{"line":6,"column":33}},"2":{"start":{"line":7,"column":30},"end":{"line":7,"column":41}},"3":{"start":{"line":9,"column":2},"end":{"line":13,"column":15}},"4":{"start":{"line":10,"column":4},"end":{"line":12,"column":5}},"5":{"start":{"line":11,"column":6},"end":{"line":11,"column":62}},"6":{"start":{"line":15,"column":2},"end":{"line":34,"column":4}},"7":{"start":{"line":19,"column":23},"end":{"line":19,"column":41}}},"fnMap":{"0":{"name":"Dropdown","decl":{"start":{"line":4,"column":24},"end":{"line":4,"column":32}},"loc":{"start":{"line":4,"column":53},"end":{"line":35,"column":1}},"line":4},"1":{"name":"(anonymous_1)","decl":{"start":{"line":9,"column":12},"end":{"line":9,"column":13}},"loc":{"start":{"line":9,"column":18},"end":{"line":13,"column":3}},"line":9},"2":{"name":"(anonymous_2)","decl":{"start":{"line":19,"column":17},"end":{"line":19,"column":18}},"loc":{"start":{"line":19,"column":23},"end":{"line":19,"column":41}},"line":19}},"branchMap":{"0":{"loc":{"start":{"line":10,"column":4},"end":{"line":12,"column":5}},"type":"if","locations":[{"start":{"line":10,"column":4},"end":{"line":12,"column":5}},{"start":{},"end":{}}],"line":10},"1":{"loc":{"start":{"line":11,"column":16},"end":{"line":11,"column":60}},"type":"cond-expr","locations":[{"start":{"line":11,"column":25},"end":{"line":11,"column":56}},{"start":{"line":11,"column":59},"end":{"line":11,"column":60}}],"line":11},"2":{"loc":{"start":{"line":23,"column":36},"end":{"line":23,"column":58}},"type":"cond-expr","locations":[{"start":{"line":23,"column":45},"end":{"line":23,"column":51}},{"start":{"line":23,"column":54},"end":{"line":23,"column":58}}],"line":23}},"s":{"0":9,"1":9,"2":9,"3":9,"4":6,"5":6,"6":9,"7":3},"f":{"0":9,"1":6,"2":3},"b":{"0":[6,0],"1":[2,4],"2":[4,5]},"_coverageSchema":"1a1c01bbd47fc00a2c39e90264f33305004495a9","hash":"37d48c9ad5a5522a88d6b52414a50bc8cfda601a"}
}
